<?xml version="1.0" encoding="UTF-8"?>
<!-- Generated by org.testng.reporters.JUnitReportReporter -->
<testsuite skipped="0" hostname="HTS-034" name="QA.Test.cuentasPorPAgar.TestNG1" tests="1" failures="0" timestamp="17 dic 2018 17:24:54 GMT" time="4.361" errors="0">
  <testcase name="CP_001" time="4.361" classname="QA.Test.cuentasPorPAgar.TestNG1"/>
</testsuite> <!-- QA.Test.cuentasPorPAgar.TestNG1 -->
